{
  "stats": {
    "suites": 2,
    "tests": 2,
    "passes": 2,
    "pending": 0,
    "failures": 0,
    "start": "2024-05-04T17:58:48.030Z",
    "end": "2024-05-04T17:59:01.589Z",
    "duration": 13559,
    "testsRegistered": 2,
    "passPercent": 100,
    "pendingPercent": 0,
    "other": 0,
    "hasOther": false,
    "skipped": 0,
    "hasSkipped": false
  },
  "results": [
    {
      "uuid": "69115eab-689e-4a3d-aa01-4e5bb0684842",
      "title": "",
      "fullFile": "",
      "file": "",
      "beforeHooks": [],
      "afterHooks": [],
      "tests": [],
      "suites": [
        {
          "uuid": "5966e728-426a-4022-b94f-0243d6920e9e",
          "title": "add test ne",
          "fullFile": "/Users/user/SeleniumJS/Test/seven.js",
          "file": "/Test/seven.js",
          "beforeHooks": [],
          "afterHooks": [],
          "tests": [
            {
              "title": "testcase login in to cart copy",
              "fullTitle": "add test ne testcase login in to cart copy",
              "timedOut": null,
              "duration": 13323,
              "state": "passed",
              "speed": "slow",
              "pass": true,
              "fail": false,
              "pending": false,
              "context": null,
              "code": "let driver = await new Builder().forBrowser(Browser.CHROME).build();\ntry {\n  await driver.get(\"https://staging-clinic.gpet.com.vn\");\n  await driver.wait(\n    until.elementLocated(By.id(\"normal_login_email\")),\n    3000\n  );\n  await driver\n    .findElement(By.id(\"normal_login_email\"))\n    .sendKeys(\"tientien123@gpet.vn\");\n  await driver\n    .findElement(By.xpath('//*[@id=\"normal_login_password\"]/input'))\n    .sendKeys(\"hongvien\", Key.RETURN);\n  await driver.wait(until.titleIs(\"Phòng Của Tiến\"), 4000);\n  await driver.sleep(5000)\n  let todoText = await driver\n    .findElement(By.className(\"sc-cHPgQl beJFeL\"))\n    .getText()\n    .then(function (value) {\n      return value;\n    });\n  todoText.should.equal(\"Tên sản phẩm\");\n} finally {\n  await driver.quit();\n}",
              "err": {},
              "uuid": "fc84ad74-8c4f-4f26-af7f-4e27da8a1d64",
              "parentUUID": null,
              "isHook": false,
              "skipped": false
            }
          ],
          "suites": [],
          "passes": [
            "fc84ad74-8c4f-4f26-af7f-4e27da8a1d64"
          ],
          "failures": [],
          "pending": [],
          "skipped": [],
          "duration": 13323,
          "root": false,
          "rootEmpty": false,
          "_timeout": null
        },
        {
          "uuid": "68cbdba1-34b8-4b55-a90c-d31beaad1a26",
          "title": "add test ne",
          "fullFile": "/Users/user/SeleniumJS/Test/five.js",
          "file": "/Test/five.js",
          "beforeHooks": [],
          "afterHooks": [],
          "tests": [
            {
              "title": "testcase login in to cart",
              "fullTitle": "add test ne testcase login in to cart",
              "timedOut": null,
              "duration": 13328,
              "state": "passed",
              "speed": "slow",
              "pass": true,
              "fail": false,
              "pending": false,
              "context": null,
              "code": "let driver = await new Builder().forBrowser(Browser.CHROME).build();\ntry {\n  await driver.get(\"https://staging-clinic.gpet.com.vn\");\n  await driver.wait(\n    until.elementLocated(By.id(\"normal_login_email\")),\n    3000\n  );\n  await driver\n    .findElement(By.id(\"normal_login_email\"))\n    .sendKeys(\"tientien123@gpet.vn\");\n  await driver\n    .findElement(By.xpath('//*[@id=\"normal_login_password\"]/input'))\n    .sendKeys(\"hongvien\", Key.RETURN);\n  await driver.wait(until.titleIs(\"Phòng Của Tiến\"), 4000);\n  await driver.sleep(5000)\n  let todoText = await driver\n    .findElement(By.className(\"sc-cHPgQl beJFeL\"))\n    .getText()\n    .then(function (value) {\n      return value;\n    });\n  todoText.should.equal(\"Tên sản phẩm\");\n} finally {\n  await driver.quit();\n}",
              "err": {},
              "uuid": "9040f3db-c1da-4d34-b634-86714343e222",
              "parentUUID": null,
              "isHook": false,
              "skipped": false
            }
          ],
          "suites": [],
          "passes": [
            "9040f3db-c1da-4d34-b634-86714343e222"
          ],
          "failures": [],
          "pending": [],
          "skipped": [],
          "duration": 13328,
          "root": false,
          "rootEmpty": false,
          "_timeout": null
        }
      ],
      "passes": [],
      "failures": [],
      "pending": [],
      "skipped": [],
      "duration": 0,
      "root": true,
      "rootEmpty": true,
      "_timeout": 0
    }
  ],
  "meta": {
    "mocha": {
      "version": "10.4.0"
    },
    "mochawesome": {
      "options": {
        "quiet": false,
        "reportFilename": "mochawesome",
        "saveHtml": true,
        "saveJson": true,
        "consoleReporter": "spec",
        "useInlineDiffs": false,
        "code": true
      },
      "version": "7.1.3"
    },
    "marge": {
      "options": null,
      "version": "6.2.0"
    }
  }
}